<?xml version="1.0" encoding="UTF-8"?><testrun name="TestRunner" project="OpenWheatherBDDFramework" tests="5" started="5" failures="2" errors="0" ignored="0">
  <testsuite name="Runner.TestRunner" time="3.648">
    <testsuite name="Feature: Label verification on Home Page" time="3.648">
      <testsuite name="Scenario: Label_Verification" time="3.648" incomplete="true">
        <failure>
          <expected>×
Not found</expected>
          <actual>Not found</actual>junit.framework.ComparisonFailure: expected:&lt;[×
]Not found&gt; but was:&lt;[]Not found&gt;&#13;
	at junit.framework.Assert.assertEquals(Assert.java:100)&#13;
	at junit.framework.Assert.assertEquals(Assert.java:107)&#13;
	at StepDefination.LabelStepDefination.User_verifies_message(LabelStepDefination.java:50)&#13;
	at ✽.Then User verifies the message(E:/OpenWheather/OpenWheatherBDDFramework/src/main/java/Feature/labelverify.feature:9)&#13;
&#13;
</failure>
        <testcase name="Given User already on Home Page" classname="Scenario: Label_Verification" time="0.02"/>
        <testcase name="When Title of the page is Сurrent weather and forecast - OpenWeatherMap" classname="Scenario: Label_Verification" time="0.229"/>
        <testcase name="Then User enters CityName" classname="Scenario: Label_Verification" time="3.276"/>
        <testcase name="Then User clicks on Search button" classname="Scenario: Label_Verification" time="0.06"/>
        <testcase name="Then User verifies the message" classname="Scenario: Label_Verification" time="0.063">
          <failure>
            <expected>×
Not found</expected>
            <actual>Not found</actual>junit.framework.ComparisonFailure: expected:&lt;[×
]Not found&gt; but was:&lt;[]Not found&gt;&#13;
	at junit.framework.Assert.assertEquals(Assert.java:100)&#13;
	at junit.framework.Assert.assertEquals(Assert.java:107)&#13;
	at StepDefination.LabelStepDefination.User_verifies_message(LabelStepDefination.java:50)&#13;
	at ✽.Then User verifies the message(E:/OpenWheather/OpenWheatherBDDFramework/src/main/java/Feature/labelverify.feature:9)&#13;
&#13;
</failure>
        </testcase>
      </testsuite>
    </testsuite>
  </testsuite>
</testrun>
